h:\c++\#karupoiss00\oneshots-sdk-master\oneshotssdk\debug\vc142.pdb
h:\c++\#karupoiss00\oneshots-sdk-master\oneshotssdk\debug\vc142.idb
h:\c++\#karupoiss00\oneshots-sdk-master\oneshotssdk\debug\interfaces.obj
h:\c++\#karupoiss00\oneshots-sdk-master\oneshotssdk\debug\imgui_widgets.obj
h:\c++\#karupoiss00\oneshots-sdk-master\oneshotssdk\debug\imgui_impl_win32.obj
h:\c++\#karupoiss00\oneshots-sdk-master\oneshotssdk\debug\imgui_impl_dx9.obj
h:\c++\#karupoiss00\oneshots-sdk-master\oneshotssdk\debug\imgui_draw.obj
h:\c++\#karupoiss00\oneshots-sdk-master\oneshotssdk\debug\imgui_demo.obj
h:\c++\#karupoiss00\oneshots-sdk-master\oneshotssdk\debug\imgui.obj
h:\c++\#karupoiss00\oneshots-sdk-master\oneshotssdk\debug\iinputsystem.obj
h:\c++\#karupoiss00\oneshots-sdk-master\oneshotssdk\debug\ienginetrace.obj
h:\c++\#karupoiss00\oneshots-sdk-master\oneshotssdk\debug\hooks.obj
h:\c++\#karupoiss00\oneshots-sdk-master\oneshotssdk\debug\dllmain.obj
h:\c++\#karupoiss00\oneshots-sdk-master\oneshotssdk\debug\directxhooks.obj
h:\c++\#karupoiss00\oneshots-sdk-master\oneshotssdk\debug\cvmt.obj
h:\c++\#karupoiss00\oneshots-sdk-master\oneshotssdk\debug\createmove.obj
h:\c++\#karupoiss00\oneshots-sdk-master\oneshotssdk\debug\configvars.obj
h:\c++\#karupoiss00\oneshots-sdk-master\oneshotssdk\debug\cmath.obj
h:\c++\#karupoiss00\oneshots-sdk-master\oneshotssdk\debug\classidmanager.obj
h:\c++\#karupoiss00\oneshots-sdk-master\oneshotssdk\debug\cinput.obj
h:\c++\#karupoiss00\oneshots-sdk-master\oneshotssdk\debug\cheatglobalvars.obj
h:\c++\#karupoiss00\oneshots-sdk-master\oneshotssdk\debug\cbaseentity.obj
h:\c++\#karupoiss00\oneshots-sdk-master\oneshotssdk\debug\utility.obj
h:\c++\#karupoiss00\oneshots-sdk-master\oneshotssdk\debug\paintraverse.obj
h:\c++\#karupoiss00\oneshots-sdk-master\oneshotssdk\debug\netvarmanager.obj
h:\c++\#karupoiss00\oneshots-sdk-master\oneshotssdk\debug\misc.obj
h:\c++\#karupoiss00\oneshots-sdk-master\oneshotssdk\debug\ivpanel.obj
h:\c++\#karupoiss00\oneshots-sdk-master\debug\oneshotssdk.dll
h:\c++\#karupoiss00\oneshots-sdk-master\debug\oneshotssdk.ilk
h:\c++\#karupoiss00\oneshots-sdk-master\debug\oneshotssdk.pdb
h:\c++\#karupoiss00\oneshots-sdk-master\oneshotssdk\debug\oneshotssdk.tlog\cl.command.1.tlog
h:\c++\#karupoiss00\oneshots-sdk-master\oneshotssdk\debug\oneshotssdk.tlog\cl.read.1.tlog
h:\c++\#karupoiss00\oneshots-sdk-master\oneshotssdk\debug\oneshotssdk.tlog\cl.write.1.tlog
h:\c++\#karupoiss00\oneshots-sdk-master\oneshotssdk\debug\oneshotssdk.tlog\link.command.1.tlog
h:\c++\#karupoiss00\oneshots-sdk-master\oneshotssdk\debug\oneshotssdk.tlog\link.read.1.tlog
h:\c++\#karupoiss00\oneshots-sdk-master\oneshotssdk\debug\oneshotssdk.tlog\link.write.1.tlog
